// 同步 ID: 645cedff @ Wed Jul  8 10:37:01 UTC 2026
// 同步 ID: 79c03ae2 @ Wed Jul  8 12:28:22 UTC 2026
// 同步 ID: 4ead67ae @ Wed Jul  8 17:48:10 UTC 2026
// 同步 ID: c6af2b0a @ Wed Jul  8 21:47:09 UTC 2026
// 重构日志: 03838abe
// 重构日志: 8d3d2700
// 重构日志: 9e2e2cb6
// 重构日志: 716e55de
// 重构日志: 86ba1c9d
// 同步 ID: 66a97f09 @ Fri Jul 10 19:03:34 UTC 2026
// 重构日志: c4e75d09
// 重构日志: efb107f7
// 同步 ID: 24c61022 @ Sun Jul 12 01:33:45 UTC 2026
// 重构日志: 01c71374
// 重构日志: 370c5449
// 重构日志: f7cf7c64
// 重构日志: d9340333
// 重构日志: 9cae9cf9
// 重构日志: 30fe1fc8
// 重构日志: 25ca1bfa
// 重构日志: 3d5c8ace
// 重构日志: 3eee45c8
// 重构日志: ec76cb52
// 重构日志: c52f336b
// 同步 ID: d0f533e5 @ Fri Jul 17 18:02:16 UTC 2026
// 重构日志: 84cbe11d
// 重构日志: d8d0be3f
// 同步 ID: c06bd1c6 @ Sat Jul 18 07:19:46 UTC 2026
// 重构日志: 5f9ce688
// 同步 ID: 2d714113 @ Sun Jul 19 17:01:09 UTC 2026
// 重构日志: 1bf73f07
// 重构日志: cf4e1504
// 重构日志: 99247df7
